Info: Starting: Create block symbol file (.bsf)
Info: qsys-generate D:\ELEC\2103-Project\Electronique\IMPORTANT\de0_nano\MTL_SOPC.qsys --block-symbol-file --output-directory=D:\ELEC\2103-Project\Electronique\IMPORTANT\de0_nano\MTL_SOPC --family="Cyclone IV E" --part=EP4CE22F17C6
Progress: Loading de0_nano/MTL_SOPC.qsys
Progress: Reading input file
Progress: Adding CLK_50 [clock_source 15.0]
Progress: Parameterizing module CLK_50
Progress: Adding CPU [altera_nios2_qsys 15.0]
Progress: Parameterizing module CPU
Progress: Adding JTAG_UART [altera_avalon_jtag_uart 15.0]
Progress: Parameterizing module JTAG_UART
Progress: Adding KEY [altera_avalon_pio 15.0]
Progress: Parameterizing module KEY
Progress: Adding TESTLED [altera_avalon_pio 15.0]
Progress: Parameterizing module TESTLED
Progress: Adding TIMER [altera_avalon_timer 15.0]
Progress: Parameterizing module TIMER
Progress: Adding TOUCHDATA [altera_avalon_pio 15.0]
Progress: Parameterizing module TOUCHDATA
Progress: Adding mem [altera_avalon_onchip_memory2 15.0]
Progress: Parameterizing module mem
Progress: Building connections
Progress: Parameterizing connections
Progress: Validating
Progress: Done reading input file
Warning: MTL_SOPC.CPU: Nios II Classic cores are now superseded by improved Gen 2 cores.
Info: MTL_SOPC.KEY: PIO inputs are not hardwired in test bench. Undefined values will be read from PIO inputs during simulation.
Info: MTL_SOPC.TOUCHDATA: PIO inputs are not hardwired in test bench. Undefined values will be read from PIO inputs during simulation.
Info: ip-generate succeeded.
Info: Finished: Create block symbol file (.bsf)
Info: 
Info: Starting: Create HDL design files for synthesis
Info: qsys-generate D:\ELEC\2103-Project\Electronique\IMPORTANT\de0_nano\MTL_SOPC.qsys --synthesis=VERILOG --output-directory=D:\ELEC\2103-Project\Electronique\IMPORTANT\de0_nano\MTL_SOPC\synthesis --family="Cyclone IV E" --part=EP4CE22F17C6
Progress: Loading de0_nano/MTL_SOPC.qsys
Progress: Reading input file
Progress: Adding CLK_50 [clock_source 15.0]
Progress: Parameterizing module CLK_50
Progress: Adding CPU [altera_nios2_qsys 15.0]
Progress: Parameterizing module CPU
Progress: Adding JTAG_UART [altera_avalon_jtag_uart 15.0]
Progress: Parameterizing module JTAG_UART
Progress: Adding KEY [altera_avalon_pio 15.0]
Progress: Parameterizing module KEY
Progress: Adding TESTLED [altera_avalon_pio 15.0]
Progress: Parameterizing module TESTLED
Progress: Adding TIMER [altera_avalon_timer 15.0]
Progress: Parameterizing module TIMER
Progress: Adding TOUCHDATA [altera_avalon_pio 15.0]
Progress: Parameterizing module TOUCHDATA
Progress: Adding mem [altera_avalon_onchip_memory2 15.0]
Progress: Parameterizing module mem
Progress: Building connections
Progress: Parameterizing connections
Progress: Validating
Progress: Done reading input file
Warning: MTL_SOPC.CPU: Nios II Classic cores are now superseded by improved Gen 2 cores.
Info: MTL_SOPC.KEY: PIO inputs are not hardwired in test bench. Undefined values will be read from PIO inputs during simulation.
Info: MTL_SOPC.TOUCHDATA: PIO inputs are not hardwired in test bench. Undefined values will be read from PIO inputs during simulation.
Info: MTL_SOPC: Generating MTL_SOPC "MTL_SOPC" for QUARTUS_SYNTH
Info: CPU: Starting RTL generation for module 'MTL_SOPC_CPU'
Info: CPU:   Generation command is [exec C:/altera/15.0/quartus/bin64/eperlcmd.exe -I C:/altera/15.0/quartus/bin64/perl/lib -I C:/altera/15.0/quartus/sopc_builder/bin/europa -I C:/altera/15.0/quartus/sopc_builder/bin/perl_lib -I C:/altera/15.0/quartus/sopc_builder/bin -I C:/altera/15.0/quartus/../ip/altera/nios2_ip/altera_nios2/cpu_lib -I C:/altera/15.0/quartus/../ip/altera/nios2_ip/altera_nios2/nios_lib -I C:/altera/15.0/quartus/../ip/altera/nios2_ip/altera_nios2 -I C:/altera/15.0/quartus/../ip/altera/nios2_ip/altera_nios2 -- C:/altera/15.0/quartus/../ip/altera/nios2_ip/altera_nios2/generate_rtl.epl --name=MTL_SOPC_CPU --dir=C:/Users/Prinz/AppData/Local/Temp/alt6874_8149775471153589388.dir/0001_CPU_gen/ --quartus_bindir=C:/altera/15.0/quartus/bin64 --verilog --config=C:/Users/Prinz/AppData/Local/Temp/alt6874_8149775471153589388.dir/0001_CPU_gen//MTL_SOPC_CPU_processor_configuration.pl  --do_build_sim=0  ]
Info: CPU: # 2016.03.15 00:31:18 (*) Starting Nios II generation
Info: CPU: # 2016.03.15 00:31:18 (*)   Checking for plaintext license.
Info: CPU: # 2016.03.15 00:31:20 (*)   Couldn't query license setup in Quartus directory C:/altera/15.0/quartus/bin64
Info: CPU: # 2016.03.15 00:31:20 (*)   Defaulting to contents of LM_LICENSE_FILE environment variable
Info: CPU: # 2016.03.15 00:31:20 (*)   LM_LICENSE_FILE environment variable is empty
Info: CPU: # 2016.03.15 00:31:20 (*)   Plaintext license not found.
Info: CPU: # 2016.03.15 00:31:20 (*)   Checking for encrypted license (non-evaluation).
Info: CPU: # 2016.03.15 00:31:21 (*)   Couldn't query license setup in Quartus directory C:/altera/15.0/quartus/bin64
Info: CPU: # 2016.03.15 00:31:21 (*)   Defaulting to contents of LM_LICENSE_FILE environment variable
Info: CPU: # 2016.03.15 00:31:21 (*)   LM_LICENSE_FILE environment variable is empty
Info: CPU: # 2016.03.15 00:31:21 (*)   Encrypted license not found.  Defaulting to OCP evaluation license (produces a time-limited SOF)
Info: CPU: # 2016.03.15 00:31:21 (*)   Elaborating CPU configuration settings
Info: CPU: # 2016.03.15 00:31:21 (*)   Creating all objects for CPU
Info: CPU: # 2016.03.15 00:31:21 (*)     Testbench
Info: CPU: # 2016.03.15 00:31:22 (*)     Instruction decoding
Info: CPU: # 2016.03.15 00:31:22 (*)       Instruction fields
Info: CPU: # 2016.03.15 00:31:22 (*)       Instruction decodes
Info: CPU: # 2016.03.15 00:31:23 (*)       Signals for RTL simulation waveforms
Info: CPU: # 2016.03.15 00:31:23 (*)       Instruction controls
Info: CPU: # 2016.03.15 00:31:23 (*)     Pipeline frontend
Info: CPU: # 2016.03.15 00:31:23 (*)     Pipeline backend
Info: CPU: # 2016.03.15 00:31:26 (*)   Generating RTL from CPU objects
Info: CPU: # 2016.03.15 00:31:30 (*)   Creating encrypted RTL
Info: CPU: # 2016.03.15 00:31:31 (*) Done Nios II generation
Info: CPU: Done RTL generation for module 'MTL_SOPC_CPU'
Info: CPU: "MTL_SOPC" instantiated altera_nios2_qsys "CPU"
Info: JTAG_UART: Starting RTL generation for module 'MTL_SOPC_JTAG_UART'
Info: JTAG_UART:   Generation command is [exec C:/altera/15.0/quartus/bin64/perl/bin/perl.exe -I C:/altera/15.0/quartus/bin64/perl/lib -I C:/altera/15.0/quartus/sopc_builder/bin/europa -I C:/altera/15.0/quartus/sopc_builder/bin/perl_lib -I C:/altera/15.0/quartus/sopc_builder/bin -I C:/altera/15.0/quartus/../ip/altera/sopc_builder_ip/common -I C:/altera/15.0/quartus/../ip/altera/sopc_builder_ip/altera_avalon_jtag_uart -- C:/altera/15.0/quartus/../ip/altera/sopc_builder_ip/altera_avalon_jtag_uart/generate_rtl.pl --name=MTL_SOPC_JTAG_UART --dir=C:/Users/Prinz/AppData/Local/Temp/alt6874_8149775471153589388.dir/0002_JTAG_UART_gen/ --quartus_dir=C:/altera/15.0/quartus --verilog --config=C:/Users/Prinz/AppData/Local/Temp/alt6874_8149775471153589388.dir/0002_JTAG_UART_gen//MTL_SOPC_JTAG_UART_component_configuration.pl  --do_build_sim=0  ]
Info: JTAG_UART: Done RTL generation for module 'MTL_SOPC_JTAG_UART'
Info: JTAG_UART: "MTL_SOPC" instantiated altera_avalon_jtag_uart "JTAG_UART"
Info: KEY: Starting RTL generation for module 'MTL_SOPC_KEY'
Info: KEY:   Generation command is [exec C:/altera/15.0/quartus/bin64/perl/bin/perl.exe -I C:/altera/15.0/quartus/bin64/perl/lib -I C:/altera/15.0/quartus/sopc_builder/bin/europa -I C:/altera/15.0/quartus/sopc_builder/bin/perl_lib -I C:/altera/15.0/quartus/sopc_builder/bin -I C:/altera/15.0/quartus/../ip/altera/sopc_builder_ip/common -I C:/altera/15.0/quartus/../ip/altera/sopc_builder_ip/altera_avalon_pio -- C:/altera/15.0/quartus/../ip/altera/sopc_builder_ip/altera_avalon_pio/generate_rtl.pl --name=MTL_SOPC_KEY --dir=C:/Users/Prinz/AppData/Local/Temp/alt6874_8149775471153589388.dir/0003_KEY_gen/ --quartus_dir=C:/altera/15.0/quartus --verilog --config=C:/Users/Prinz/AppData/Local/Temp/alt6874_8149775471153589388.dir/0003_KEY_gen//MTL_SOPC_KEY_component_configuration.pl  --do_build_sim=0  ]
Info: KEY: Done RTL generation for module 'MTL_SOPC_KEY'
Info: KEY: "MTL_SOPC" instantiated altera_avalon_pio "KEY"
Info: TESTLED: Starting RTL generation for module 'MTL_SOPC_TESTLED'
Info: TESTLED:   Generation command is [exec C:/altera/15.0/quartus/bin64/perl/bin/perl.exe -I C:/altera/15.0/quartus/bin64/perl/lib -I C:/altera/15.0/quartus/sopc_builder/bin/europa -I C:/altera/15.0/quartus/sopc_builder/bin/perl_lib -I C:/altera/15.0/quartus/sopc_builder/bin -I C:/altera/15.0/quartus/../ip/altera/sopc_builder_ip/common -I C:/altera/15.0/quartus/../ip/altera/sopc_builder_ip/altera_avalon_pio -- C:/altera/15.0/quartus/../ip/altera/sopc_builder_ip/altera_avalon_pio/generate_rtl.pl --name=MTL_SOPC_TESTLED --dir=C:/Users/Prinz/AppData/Local/Temp/alt6874_8149775471153589388.dir/0004_TESTLED_gen/ --quartus_dir=C:/altera/15.0/quartus --verilog --config=C:/Users/Prinz/AppData/Local/Temp/alt6874_8149775471153589388.dir/0004_TESTLED_gen//MTL_SOPC_TESTLED_component_configuration.pl  --do_build_sim=0  ]
Info: TESTLED: Done RTL generation for module 'MTL_SOPC_TESTLED'
Info: TESTLED: "MTL_SOPC" instantiated altera_avalon_pio "TESTLED"
Info: TIMER: Starting RTL generation for module 'MTL_SOPC_TIMER'
Info: TIMER:   Generation command is [exec C:/altera/15.0/quartus/bin64//perl/bin/perl.exe -I C:/altera/15.0/quartus/bin64//perl/lib -I C:/altera/15.0/quartus/sopc_builder/bin/europa -I C:/altera/15.0/quartus/sopc_builder/bin/perl_lib -I C:/altera/15.0/quartus/sopc_builder/bin -I C:/altera/15.0/quartus/../ip/altera/sopc_builder_ip/common -I C:/altera/15.0/quartus/../ip/altera/sopc_builder_ip/altera_avalon_timer -- C:/altera/15.0/quartus/../ip/altera/sopc_builder_ip/altera_avalon_timer/generate_rtl.pl --name=MTL_SOPC_TIMER --dir=C:/Users/Prinz/AppData/Local/Temp/alt6874_8149775471153589388.dir/0005_TIMER_gen/ --quartus_dir=C:/altera/15.0/quartus --verilog --config=C:/Users/Prinz/AppData/Local/Temp/alt6874_8149775471153589388.dir/0005_TIMER_gen//MTL_SOPC_TIMER_component_configuration.pl  --do_build_sim=0  ]
Info: TIMER: Done RTL generation for module 'MTL_SOPC_TIMER'
Info: TIMER: "MTL_SOPC" instantiated altera_avalon_timer "TIMER"
Info: TOUCHDATA: Starting RTL generation for module 'MTL_SOPC_TOUCHDATA'
Info: TOUCHDATA:   Generation command is [exec C:/altera/15.0/quartus/bin64/perl/bin/perl.exe -I C:/altera/15.0/quartus/bin64/perl/lib -I C:/altera/15.0/quartus/sopc_builder/bin/europa -I C:/altera/15.0/quartus/sopc_builder/bin/perl_lib -I C:/altera/15.0/quartus/sopc_builder/bin -I C:/altera/15.0/quartus/../ip/altera/sopc_builder_ip/common -I C:/altera/15.0/quartus/../ip/altera/sopc_builder_ip/altera_avalon_pio -- C:/altera/15.0/quartus/../ip/altera/sopc_builder_ip/altera_avalon_pio/generate_rtl.pl --name=MTL_SOPC_TOUCHDATA --dir=C:/Users/Prinz/AppData/Local/Temp/alt6874_8149775471153589388.dir/0006_TOUCHDATA_gen/ --quartus_dir=C:/altera/15.0/quartus --verilog --config=C:/Users/Prinz/AppData/Local/Temp/alt6874_8149775471153589388.dir/0006_TOUCHDATA_gen//MTL_SOPC_TOUCHDATA_component_configuration.pl  --do_build_sim=0  ]
Info: TOUCHDATA: Done RTL generation for module 'MTL_SOPC_TOUCHDATA'
Info: TOUCHDATA: "MTL_SOPC" instantiated altera_avalon_pio "TOUCHDATA"
Info: mem: Starting RTL generation for module 'MTL_SOPC_mem'
Info: mem:   Generation command is [exec C:/altera/15.0/quartus/bin64/perl/bin/perl.exe -I C:/altera/15.0/quartus/bin64/perl/lib -I C:/altera/15.0/quartus/sopc_builder/bin/europa -I C:/altera/15.0/quartus/sopc_builder/bin/perl_lib -I C:/altera/15.0/quartus/sopc_builder/bin -I C:/altera/15.0/quartus/../ip/altera/sopc_builder_ip/common -I C:/altera/15.0/quartus/../ip/altera/sopc_builder_ip/altera_avalon_onchip_memory2 -- C:/altera/15.0/quartus/../ip/altera/sopc_builder_ip/altera_avalon_onchip_memory2/generate_rtl.pl --name=MTL_SOPC_mem --dir=C:/Users/Prinz/AppData/Local/Temp/alt6874_8149775471153589388.dir/0007_mem_gen/ --quartus_dir=C:/altera/15.0/quartus --verilog --config=C:/Users/Prinz/AppData/Local/Temp/alt6874_8149775471153589388.dir/0007_mem_gen//MTL_SOPC_mem_component_configuration.pl  --do_build_sim=0  ]
Info: mem: Done RTL generation for module 'MTL_SOPC_mem'
Info: mem: "MTL_SOPC" instantiated altera_avalon_onchip_memory2 "mem"
Info: avalon_st_adapter: Inserting error_adapter: error_adapter_0
Info: avalon_st_adapter_001: Inserting error_adapter: error_adapter_0
Info: avalon_st_adapter_002: Inserting error_adapter: error_adapter_0
Info: avalon_st_adapter_003: Inserting error_adapter: error_adapter_0
Info: avalon_st_adapter_004: Inserting error_adapter: error_adapter_0
Info: avalon_st_adapter_005: Inserting error_adapter: error_adapter_0
Info: avalon_st_adapter_006: Inserting error_adapter: error_adapter_0
Info: mm_interconnect_0: "MTL_SOPC" instantiated altera_mm_interconnect "mm_interconnect_0"
Info: irq_mapper: "MTL_SOPC" instantiated altera_irq_mapper "irq_mapper"
Info: rst_controller: "MTL_SOPC" instantiated altera_reset_controller "rst_controller"
Info: CPU_data_master_translator: "mm_interconnect_0" instantiated altera_merlin_master_translator "CPU_data_master_translator"
Info: JTAG_UART_avalon_jtag_slave_translator: "mm_interconnect_0" instantiated altera_merlin_slave_translator "JTAG_UART_avalon_jtag_slave_translator"
Info: CPU_data_master_agent: "mm_interconnect_0" instantiated altera_merlin_master_agent "CPU_data_master_agent"
Info: JTAG_UART_avalon_jtag_slave_agent: "mm_interconnect_0" instantiated altera_merlin_slave_agent "JTAG_UART_avalon_jtag_slave_agent"
Info: JTAG_UART_avalon_jtag_slave_agent_rsp_fifo: "mm_interconnect_0" instantiated altera_avalon_sc_fifo "JTAG_UART_avalon_jtag_slave_agent_rsp_fifo"
Info: router: "mm_interconnect_0" instantiated altera_merlin_router "router"
Info: router_001: "mm_interconnect_0" instantiated altera_merlin_router "router_001"
Info: router_002: "mm_interconnect_0" instantiated altera_merlin_router "router_002"
Info: router_003: "mm_interconnect_0" instantiated altera_merlin_router "router_003"
Info: CPU_data_master_limiter: "mm_interconnect_0" instantiated altera_merlin_traffic_limiter "CPU_data_master_limiter"
Info: Reusing file D:/ELEC/2103-Project/Electronique/IMPORTANT/de0_nano/MTL_SOPC/synthesis/submodules/altera_avalon_sc_fifo.v
Info: cmd_demux: "mm_interconnect_0" instantiated altera_merlin_demultiplexer "cmd_demux"
Info: cmd_demux_001: "mm_interconnect_0" instantiated altera_merlin_demultiplexer "cmd_demux_001"
Info: cmd_mux: "mm_interconnect_0" instantiated altera_merlin_multiplexer "cmd_mux"
Info: cmd_mux_001: "mm_interconnect_0" instantiated altera_merlin_multiplexer "cmd_mux_001"
Info: Reusing file D:/ELEC/2103-Project/Electronique/IMPORTANT/de0_nano/MTL_SOPC/synthesis/submodules/altera_merlin_arbitrator.sv
Info: rsp_demux: "mm_interconnect_0" instantiated altera_merlin_demultiplexer "rsp_demux"
Info: rsp_demux_001: "mm_interconnect_0" instantiated altera_merlin_demultiplexer "rsp_demux_001"
Info: rsp_mux: "mm_interconnect_0" instantiated altera_merlin_multiplexer "rsp_mux"
Info: Reusing file D:/ELEC/2103-Project/Electronique/IMPORTANT/de0_nano/MTL_SOPC/synthesis/submodules/altera_merlin_arbitrator.sv
Info: rsp_mux_001: "mm_interconnect_0" instantiated altera_merlin_multiplexer "rsp_mux_001"
Info: Reusing file D:/ELEC/2103-Project/Electronique/IMPORTANT/de0_nano/MTL_SOPC/synthesis/submodules/altera_merlin_arbitrator.sv
Info: avalon_st_adapter: "mm_interconnect_0" instantiated altera_avalon_st_adapter "avalon_st_adapter"
Info: error_adapter_0: "avalon_st_adapter" instantiated error_adapter "error_adapter_0"
Info: MTL_SOPC: Done "MTL_SOPC" with 31 modules, 52 files
Info: ip-generate succeeded.
Info: Finished: Create HDL design files for synthesis
