Flow report for DE0_NANO
Mon Aug 11 19:19:54 2014
Quartus II 64-Bit Version 13.1.4 Build 182 03/12/2014 SJ Web Edition


---------------------
; Table of Contents ;
---------------------
  1. Legal Notice
  2. Flow Summary
  3. Flow Settings
  4. Flow Non-Default Global Settings
  5. Flow Elapsed Time
  6. Flow OS Summary
  7. Flow Log
  8. Flow Messages
  9. Flow Suppressed Messages



----------------
; Legal Notice ;
----------------
Copyright (C) 1991-2014 Altera Corporation
Your use of Altera Corporation's design tools, logic functions 
and other software and tools, and its AMPP partner logic 
functions, and any output files from any of the foregoing 
(including device programming or simulation files), and any 
associated documentation or information are expressly subject 
to the terms and conditions of the Altera Program License 
Subscription Agreement, Altera MegaCore Function License 
Agreement, or other applicable license agreement, including, 
without limitation, that your use is for the sole purpose of 
programming logic devices manufactured by Altera and sold by 
Altera or its authorized distributors.  Please refer to the 
applicable agreement for further details.



+---------------------------------------------------------------------------------+
; Flow Summary                                                                    ;
+------------------------------------+--------------------------------------------+
; Flow Status                        ; Successful - Mon Aug 11 19:19:43 2014      ;
; Quartus II 64-Bit Version          ; 13.1.4 Build 182 03/12/2014 SJ Web Edition ;
; Revision Name                      ; DE0_NANO                                   ;
; Top-level Entity Name              ; DE0_NANO                                   ;
; Family                             ; Cyclone IV E                               ;
; Device                             ; EP4CE22F17C6                               ;
; Timing Models                      ; Final                                      ;
; Total logic elements               ; 1,718 / 22,320 ( 8 % )                     ;
;     Total combinational functions  ; 1,481 / 22,320 ( 7 % )                     ;
;     Dedicated logic registers      ; 895 / 22,320 ( 4 % )                       ;
; Total registers                    ; 895                                        ;
; Total pins                         ; 148 / 154 ( 96 % )                         ;
; Total virtual pins                 ; 0                                          ;
; Total memory bits                  ; 425,024 / 608,256 ( 70 % )                 ;
; Embedded Multiplier 9-bit elements ; 4 / 132 ( 3 % )                            ;
; Total PLLs                         ; 2 / 4 ( 50 % )                             ;
+------------------------------------+--------------------------------------------+


+-----------------------------------------+
; Flow Settings                           ;
+-------------------+---------------------+
; Option            ; Setting             ;
+-------------------+---------------------+
; Start date & time ; 08/11/2014 19:18:47 ;
; Main task         ; Compilation         ;
; Revision Name     ; DE0_NANO            ;
+-------------------+---------------------+


+------------------------------------------------------------------------------------------------------------------------+
; Flow Non-Default Global Settings                                                                                       ;
+-------------------------------------+---------------------------------------+---------------+-------------+------------+
; Assignment Name                     ; Value                                 ; Default Value ; Entity Name ; Section Id ;
+-------------------------------------+---------------------------------------+---------------+-------------+------------+
; COMPILER_SIGNATURE_ID               ; 15994409713596.140777752708592        ; --            ; --          ; --         ;
; ENABLE_SIGNALTAP                    ; On                                    ; --            ; --          ; --         ;
; IP_TOOL_NAME                        ; FIFO                                  ; --            ; --          ; --         ;
; IP_TOOL_NAME                        ; FIFO                                  ; --            ; --          ; --         ;
; IP_TOOL_NAME                        ; ALTPLL                                ; --            ; --          ; --         ;
; IP_TOOL_NAME                        ; ALTPLL                                ; --            ; --          ; --         ;
; IP_TOOL_NAME                        ; ROM: 1-PORT                           ; --            ; --          ; --         ;
; IP_TOOL_VERSION                     ; 13.1                                  ; --            ; --          ; --         ;
; IP_TOOL_VERSION                     ; 13.1                                  ; --            ; --          ; --         ;
; IP_TOOL_VERSION                     ; 13.1                                  ; --            ; --          ; --         ;
; IP_TOOL_VERSION                     ; 13.1                                  ; --            ; --          ; --         ;
; IP_TOOL_VERSION                     ; 13.1                                  ; --            ; --          ; --         ;
; MAX_CORE_JUNCTION_TEMP              ; 85                                    ; --            ; --          ; --         ;
; MIN_CORE_JUNCTION_TEMP              ; 0                                     ; --            ; --          ; --         ;
; MISC_FILE                           ; sdram_control/Sdram_WR_FIFO_inst.v    ; --            ; --          ; --         ;
; MISC_FILE                           ; sdram_control/Sdram_WR_FIFO_bb.v      ; --            ; --          ; --         ;
; MISC_FILE                           ; sdram_control/Sdram_RD_FIFO_inst.v    ; --            ; --          ; --         ;
; MISC_FILE                           ; sdram_control/Sdram_RD_FIFO_bb.v      ; --            ; --          ; --         ;
; MISC_FILE                           ; MTL_PLL_inst.v                        ; --            ; --          ; --         ;
; MISC_FILE                           ; MTL_PLL_bb.v                          ; --            ; --          ; --         ;
; MISC_FILE                           ; MTL_PLL.ppf                           ; --            ; --          ; --         ;
; MISC_FILE                           ; RAM_PLL_inst.v                        ; --            ; --          ; --         ;
; MISC_FILE                           ; RAM_PLL_bb.v                          ; --            ; --          ; --         ;
; MISC_FILE                           ; RAM_PLL.ppf                           ; --            ; --          ; --         ;
; MISC_FILE                           ; Loading_ROM_inst.v                    ; --            ; --          ; --         ;
; MISC_FILE                           ; Loading_ROM_bb.v                      ; --            ; --          ; --         ;
; PARTITION_COLOR                     ; 16764057                              ; --            ; --          ; Top        ;
; PARTITION_FITTER_PRESERVATION_LEVEL ; PLACEMENT_AND_ROUTING                 ; --            ; --          ; Top        ;
; PARTITION_NETLIST_TYPE              ; SOURCE                                ; --            ; --          ; Top        ;
; POWER_BOARD_THERMAL_MODEL           ; None (CONSERVATIVE)                   ; --            ; --          ; --         ;
; POWER_PRESET_COOLING_SOLUTION       ; 23 MM HEAT SINK WITH 200 LFPM AIRFLOW ; --            ; --          ; --         ;
; USE_SIGNALTAP_FILE                  ; stp_MTL_ports.stp                     ; --            ; --          ; --         ;
+-------------------------------------+---------------------------------------+---------------+-------------+------------+


+-------------------------------------------------------------------------------------------------------------------------------+
; Flow Elapsed Time                                                                                                             ;
+---------------------------+--------------+-------------------------+---------------------+------------------------------------+
; Module Name               ; Elapsed Time ; Average Processors Used ; Peak Virtual Memory ; Total CPU Time (on all processors) ;
+---------------------------+--------------+-------------------------+---------------------+------------------------------------+
; Analysis & Synthesis      ; 00:00:15     ; 1.0                     ; 536 MB              ; 00:00:11                           ;
; Fitter                    ; 00:00:28     ; 1.1                     ; 1006 MB             ; 00:00:26                           ;
; Assembler                 ; 00:00:03     ; 1.0                     ; 492 MB              ; 00:00:03                           ;
; TimeQuest Timing Analyzer ; 00:00:08     ; 1.0                     ; 587 MB              ; 00:00:08                           ;
; Total                     ; 00:00:54     ; --                      ; --                  ; 00:00:48                           ;
+---------------------------+--------------+-------------------------+---------------------+------------------------------------+


+----------------------------------------------------------------------------------------+
; Flow OS Summary                                                                        ;
+---------------------------+------------------+-----------+------------+----------------+
; Module Name               ; Machine Hostname ; OS Name   ; OS Version ; Processor type ;
+---------------------------+------------------+-----------+------------+----------------+
; Analysis & Synthesis      ; CF-ASUS          ; Windows 7 ; 6.2        ; x86_64         ;
; Fitter                    ; CF-ASUS          ; Windows 7 ; 6.2        ; x86_64         ;
; Assembler                 ; CF-ASUS          ; Windows 7 ; 6.2        ; x86_64         ;
; TimeQuest Timing Analyzer ; CF-ASUS          ; Windows 7 ; 6.2        ; x86_64         ;
+---------------------------+------------------+-----------+------------+----------------+


------------
; Flow Log ;
------------
quartus_map --read_settings_files=on --write_settings_files=off DE0_NANO -c DE0_NANO
quartus_fit --read_settings_files=off --write_settings_files=off DE0_NANO -c DE0_NANO
quartus_asm --read_settings_files=off --write_settings_files=off DE0_NANO -c DE0_NANO
quartus_sta DE0_NANO -c DE0_NANO



