Flow report for DE0_Nano
Mon Apr 25 14:29:17 2016
Quartus Prime Version 15.1.0 Build 185 10/21/2015 SJ Lite Edition


---------------------
; Table of Contents ;
---------------------
  1. Legal Notice
  2. Flow Summary
  3. Flow Settings
  4. Flow Non-Default Global Settings
  5. Flow Elapsed Time
  6. Flow OS Summary
  7. Flow Log
  8. Flow Messages
  9. Flow Suppressed Messages



----------------
; Legal Notice ;
----------------
Copyright (C) 1991-2015 Altera Corporation. All rights reserved.
Your use of Altera Corporation's design tools, logic functions 
and other software and tools, and its AMPP partner logic 
functions, and any output files from any of the foregoing 
(including device programming or simulation files), and any 
associated documentation or information are expressly subject 
to the terms and conditions of the Altera Program License 
Subscription Agreement, the Altera Quartus Prime License Agreement,
the Altera MegaCore Function License Agreement, or other 
applicable license agreement, including, without limitation, 
that your use is for the sole purpose of programming logic 
devices manufactured by Altera and sold by Altera or its 
authorized distributors.  Please refer to the applicable 
agreement for further details.



+----------------------------------------------------------------------------------+
; Flow Summary                                                                     ;
+------------------------------------+---------------------------------------------+
; Flow Status                        ; Successful - Mon Apr 25 14:28:56 2016       ;
; Quartus Prime Version              ; 15.1.0 Build 185 10/21/2015 SJ Lite Edition ;
; Revision Name                      ; DE0_Nano                                    ;
; Top-level Entity Name              ; DE0_Nano                                    ;
; Family                             ; Cyclone IV E                                ;
; Device                             ; EP4CE22F17C6                                ;
; Timing Models                      ; Final                                       ;
; Total logic elements               ; 11,241 / 22,320 ( 50 % )                    ;
;     Total combinational functions  ; 9,044 / 22,320 ( 41 % )                     ;
;     Dedicated logic registers      ; 6,853 / 22,320 ( 31 % )                     ;
; Total registers                    ; 6922                                        ;
; Total pins                         ; 146 / 154 ( 95 % )                          ;
; Total virtual pins                 ; 0                                           ;
; Total memory bits                  ; 192,208 / 608,256 ( 32 % )                  ;
; Embedded Multiplier 9-bit elements ; 4 / 132 ( 3 % )                             ;
; Total PLLs                         ; 2 / 4 ( 50 % )                              ;
+------------------------------------+---------------------------------------------+


+-----------------------------------------+
; Flow Settings                           ;
+-------------------+---------------------+
; Option            ; Setting             ;
+-------------------+---------------------+
; Start date & time ; 04/25/2016 14:24:50 ;
; Main task         ; Compilation         ;
; Revision Name     ; DE0_Nano            ;
+-------------------+---------------------+


+-----------------------------------------------------------------------------------------------------------------------------------------------------------+
; Flow Non-Default Global Settings                                                                                                                          ;
+--------------------------------------+-----------------------------------------------------------------+---------------+---------------+------------------+
; Assignment Name                      ; Value                                                           ; Default Value ; Entity Name   ; Section Id       ;
+--------------------------------------+-----------------------------------------------------------------+---------------+---------------+------------------+
; COMPILER_SIGNATURE_ID                ; 93383149948224.146158709015749                                  ; --            ; --            ; --               ;
; EDA_DESIGN_INSTANCE_NAME             ; NA                                                              ; --            ; --            ; testbench        ;
; EDA_NATIVELINK_SIMULATION_TEST_BENCH ; testbench                                                       ; --            ; --            ; eda_simulation   ;
; EDA_OUTPUT_DATA_FORMAT               ; None                                                            ; --            ; --            ; eda_simulation   ;
; EDA_TEST_BENCH_ENABLE_STATUS         ; TEST_BENCH_MODE                                                 ; --            ; --            ; eda_simulation   ;
; EDA_TEST_BENCH_FILE                  ; testbench.sv                                                    ; --            ; --            ; testbench        ;
; EDA_TEST_BENCH_MODULE_NAME           ; testbench                                                       ; --            ; --            ; testbench        ;
; EDA_TEST_BENCH_NAME                  ; testbench                                                       ; --            ; --            ; eda_simulation   ;
; EDA_TEST_BENCH_RUN_SIM_FOR           ; 100 ms                                                          ; --            ; --            ; testbench        ;
; EDA_TIME_SCALE                       ; 1 ps                                                            ; --            ; --            ; eda_simulation   ;
; ENABLE_SIGNALTAP                     ; On                                                              ; --            ; --            ; --               ;
; IGNORE_PARTITIONS                    ; On                                                              ; Off           ; --            ; --               ;
; MAX_CORE_JUNCTION_TEMP               ; 85                                                              ; --            ; --            ; --               ;
; MIN_CORE_JUNCTION_TEMP               ; 0                                                               ; --            ; --            ; --               ;
; MISC_FILE                            ; sdram_pll_bb.v                                                  ; --            ; --            ; --               ;
; MISC_FILE                            ; sdram_pll.ppf                                                   ; --            ; --            ; --               ;
; MISC_FILE                            ; DE0_LT24_SOPC/synthesis/../DE0_LT24_SOPC.cmp                    ; --            ; --            ; --               ;
; MISC_FILE                            ; DE0_LT24_SOPC/synthesis/../../DE0_LT24_SOPC.qsys                ; --            ; --            ; --               ;
; MISC_FILE                            ; shieldrom_bb.v                                                  ; --            ; --            ; --               ;
; MISC_FILE                            ; shield_rom2_bb.v                                                ; --            ; --            ; --               ;
; MISC_FILE                            ; shieldB_bb.v                                                    ; --            ; --            ; --               ;
; MISC_FILE                            ; bow_rom_bb.v                                                    ; --            ; --            ; --               ;
; MISC_FILE                            ; target_rom_bb.v                                                 ; --            ; --            ; --               ;
; MISC_FILE                            ; target_touched_rom_bb.v                                         ; --            ; --            ; --               ;
; OUTPUT_IO_TIMING_FAR_END_VMEAS       ; Half Signal Swing                                               ; --            ; --            ; --               ;
; OUTPUT_IO_TIMING_FAR_END_VMEAS       ; Half Signal Swing                                               ; --            ; --            ; --               ;
; OUTPUT_IO_TIMING_NEAR_END_VMEAS      ; Half Vccio                                                      ; --            ; --            ; --               ;
; OUTPUT_IO_TIMING_NEAR_END_VMEAS      ; Half Vccio                                                      ; --            ; --            ; --               ;
; PARTITION_COLOR                      ; 16764057                                                        ; --            ; --            ; Top              ;
; PARTITION_FITTER_PRESERVATION_LEVEL  ; PLACEMENT_AND_ROUTING                                           ; --            ; --            ; Top              ;
; PARTITION_NETLIST_TYPE               ; SOURCE                                                          ; --            ; --            ; Top              ;
; POWER_BOARD_THERMAL_MODEL            ; None (CONSERVATIVE)                                             ; --            ; --            ; --               ;
; POWER_PRESET_COOLING_SOLUTION        ; 23 MM HEAT SINK WITH 200 LFPM AIRFLOW                           ; --            ; --            ; --               ;
; SLD_FILE                             ; DE0_LT24_SOPC/synthesis/DE0_LT24_SOPC.regmap                    ; --            ; --            ; --               ;
; SLD_FILE                             ; DE0_LT24_SOPC/synthesis/DE0_LT24_SOPC.debuginfo                 ; --            ; --            ; --               ;
; SLD_FILE                             ; db/stp1_auto_stripped.stp                                       ; --            ; --            ; --               ;
; SLD_INFO                             ; QSYS_NAME DE0_LT24_SOPC HAS_SOPCINFO 1 GENERATION_ID 1461586737 ; --            ; DE0_LT24_SOPC ; --               ;
; SLD_NODE_CREATOR_ID                  ; 110                                                             ; --            ; --            ; auto_signaltap_0 ;
; SLD_NODE_ENTITY_NAME                 ; sld_signaltap                                                   ; --            ; --            ; auto_signaltap_0 ;
; SLD_NODE_PARAMETER_ASSIGNMENT        ; SLD_RAM_BLOCK_TYPE=AUTO                                         ; --            ; --            ; auto_signaltap_0 ;
; SLD_NODE_PARAMETER_ASSIGNMENT        ; SLD_DATA_BITS=2                                                 ; --            ; --            ; auto_signaltap_0 ;
; SLD_NODE_PARAMETER_ASSIGNMENT        ; SLD_TRIGGER_BITS=2                                              ; --            ; --            ; auto_signaltap_0 ;
; SLD_NODE_PARAMETER_ASSIGNMENT        ; SLD_STORAGE_QUALIFIER_BITS=2                                    ; --            ; --            ; auto_signaltap_0 ;
; SLD_NODE_PARAMETER_ASSIGNMENT        ; SLD_NODE_INFO=805334528                                         ; --            ; --            ; auto_signaltap_0 ;
; SLD_NODE_PARAMETER_ASSIGNMENT        ; SLD_POWER_UP_TRIGGER=0                                          ; --            ; --            ; auto_signaltap_0 ;
; SLD_NODE_PARAMETER_ASSIGNMENT        ; SLD_INVERSION_MASK=000000000000000000000000000                  ; --            ; --            ; auto_signaltap_0 ;
; SLD_NODE_PARAMETER_ASSIGNMENT        ; SLD_INVERSION_MASK_LENGTH=27                                    ; --            ; --            ; auto_signaltap_0 ;
; SLD_NODE_PARAMETER_ASSIGNMENT        ; SLD_STORAGE_QUALIFIER_INVERSION_MASK_LENGTH=0                   ; --            ; --            ; auto_signaltap_0 ;
; SLD_NODE_PARAMETER_ASSIGNMENT        ; SLD_SEGMENT_SIZE=128                                            ; --            ; --            ; auto_signaltap_0 ;
; SLD_NODE_PARAMETER_ASSIGNMENT        ; SLD_ATTRIBUTE_MEM_MODE=OFF                                      ; --            ; --            ; auto_signaltap_0 ;
; SLD_NODE_PARAMETER_ASSIGNMENT        ; SLD_STATE_FLOW_USE_GENERATED=0                                  ; --            ; --            ; auto_signaltap_0 ;
; SLD_NODE_PARAMETER_ASSIGNMENT        ; SLD_STATE_BITS=11                                               ; --            ; --            ; auto_signaltap_0 ;
; SLD_NODE_PARAMETER_ASSIGNMENT        ; SLD_BUFFER_FULL_STOP=1                                          ; --            ; --            ; auto_signaltap_0 ;
; SLD_NODE_PARAMETER_ASSIGNMENT        ; SLD_CURRENT_RESOURCE_WIDTH=1                                    ; --            ; --            ; auto_signaltap_0 ;
; SLD_NODE_PARAMETER_ASSIGNMENT        ; SLD_INCREMENTAL_ROUTING=1                                       ; --            ; --            ; auto_signaltap_0 ;
; SLD_NODE_PARAMETER_ASSIGNMENT        ; SLD_TRIGGER_LEVEL=1                                             ; --            ; --            ; auto_signaltap_0 ;
; SLD_NODE_PARAMETER_ASSIGNMENT        ; SLD_SAMPLE_DEPTH=128                                            ; --            ; --            ; auto_signaltap_0 ;
; SLD_NODE_PARAMETER_ASSIGNMENT        ; SLD_TRIGGER_IN_ENABLED=0                                        ; --            ; --            ; auto_signaltap_0 ;
; SLD_NODE_PARAMETER_ASSIGNMENT        ; SLD_ADVANCED_TRIGGER_ENTITY=basic,1,                            ; --            ; --            ; auto_signaltap_0 ;
; SLD_NODE_PARAMETER_ASSIGNMENT        ; SLD_TRIGGER_LEVEL_PIPELINE=1                                    ; --            ; --            ; auto_signaltap_0 ;
; SLD_NODE_PARAMETER_ASSIGNMENT        ; SLD_ENABLE_ADVANCED_TRIGGER=0                                   ; --            ; --            ; auto_signaltap_0 ;
; SOPCINFO_FILE                        ; DE0_LT24_SOPC/synthesis/../../DE0_LT24_SOPC.sopcinfo            ; --            ; --            ; --               ;
; SYNTHESIS_ONLY_QIP                   ; On                                                              ; --            ; --            ; --               ;
; USE_SIGNALTAP_FILE                   ; stp1.stp                                                        ; --            ; --            ; --               ;
+--------------------------------------+-----------------------------------------------------------------+---------------+---------------+------------------+


+-------------------------------------------------------------------------------------------------------------------------------+
; Flow Elapsed Time                                                                                                             ;
+---------------------------+--------------+-------------------------+---------------------+------------------------------------+
; Module Name               ; Elapsed Time ; Average Processors Used ; Peak Virtual Memory ; Total CPU Time (on all processors) ;
+---------------------------+--------------+-------------------------+---------------------+------------------------------------+
; Analysis & Synthesis      ; 00:01:29     ; 1.0                     ; 1613 MB             ; 00:02:08                           ;
; Fitter                    ; 00:01:54     ; 1.1                     ; 1603 MB             ; 00:02:31                           ;
; Assembler                 ; 00:00:03     ; 1.0                     ; 1096 MB             ; 00:00:03                           ;
; TimeQuest Timing Analyzer ; 00:00:09     ; 1.3                     ; 1246 MB             ; 00:00:10                           ;
; Total                     ; 00:03:35     ; --                      ; --                  ; 00:04:52                           ;
+---------------------------+--------------+-------------------------+---------------------+------------------------------------+


+-----------------------------------------------------------------------------------------+
; Flow OS Summary                                                                         ;
+---------------------------+------------------+------------+------------+----------------+
; Module Name               ; Machine Hostname ; OS Name    ; OS Version ; Processor type ;
+---------------------------+------------------+------------+------------+----------------+
; Analysis & Synthesis      ; new-host.home    ; Arch Linux ; Arch Linux ; x86_64         ;
; Fitter                    ; new-host.home    ; Arch Linux ; Arch Linux ; x86_64         ;
; Assembler                 ; new-host.home    ; Arch Linux ; Arch Linux ; x86_64         ;
; TimeQuest Timing Analyzer ; new-host.home    ; Arch Linux ; Arch Linux ; x86_64         ;
+---------------------------+------------------+------------+------------+----------------+


------------
; Flow Log ;
------------
quartus_map --read_settings_files=on --write_settings_files=off DE0_Nano -c DE0_Nano
quartus_fit --read_settings_files=off --write_settings_files=off DE0_Nano -c DE0_Nano
quartus_asm --read_settings_files=off --write_settings_files=off DE0_Nano -c DE0_Nano
quartus_sta DE0_Nano -c DE0_Nano



