EDA Netlist Writer report for DE0_Nano
Fri Mar  4 03:13:31 2016
Quartus Prime Version 15.1.0 Build 185 10/21/2015 SJ Lite Edition


---------------------
; Table of Contents ;
---------------------
  1. Legal Notice
  2. EDA Netlist Writer Summary
  3. EDA Netlist Writer Messages



----------------
; Legal Notice ;
----------------
Copyright (C) 1991-2015 Altera Corporation. All rights reserved.
Your use of Altera Corporation's design tools, logic functions 
and other software and tools, and its AMPP partner logic 
functions, and any output files from any of the foregoing 
(including device programming or simulation files), and any 
associated documentation or information are expressly subject 
to the terms and conditions of the Altera Program License 
Subscription Agreement, the Altera Quartus Prime License Agreement,
the Altera MegaCore Function License Agreement, or other 
applicable license agreement, including, without limitation, 
that your use is for the sole purpose of programming logic 
devices manufactured by Altera and sold by Altera or its 
authorized distributors.  Please refer to the applicable 
agreement for further details.



+----------------------------------------------------------------------------------+
; EDA Netlist Writer Summary                                                       ;
+---------------------------+------------------------------------------------------+
; EDA Netlist Writer Status ; No Output Files Generated - Fri Mar  4 03:13:31 2016 ;
; Revision Name             ; DE0_Nano                                             ;
; Top-level Entity Name     ; DE0_Nano                                             ;
; Family                    ; Cyclone IV E                                         ;
+---------------------------+------------------------------------------------------+


+-----------------------------+
; EDA Netlist Writer Messages ;
+-----------------------------+
Info: *******************************************************************
Info: Running Quartus Prime EDA Netlist Writer
    Info: Version 15.1.0 Build 185 10/21/2015 SJ Lite Edition
    Info: Processing started: Fri Mar  4 03:13:30 2016
Info: Command: quartus_eda --read_settings_files=off --write_settings_files=off DE0_Nano -c DE0_Nano
Warning (199027): Can't generate output files. Specify command-line options to generate output files, or update EDA tool settings using GUI or Tcl script.
Info: Quartus Prime EDA Netlist Writer was successful. 0 errors, 1 warning
    Info: Peak virtual memory: 1319 megabytes
    Info: Processing ended: Fri Mar  4 03:13:31 2016
    Info: Elapsed time: 00:00:01
    Info: Total CPU time (on all processors): 00:00:01


