Flow report for DE0_NANO
Sat Mar 12 16:51:26 2016
Quartus II 64-Bit Version 15.0.0 Build 145 04/22/2015 SJ Web Edition


---------------------
; Table of Contents ;
---------------------
  1. Legal Notice
  2. Flow Summary
  3. Flow Settings
  4. Flow Non-Default Global Settings
  5. Flow Elapsed Time
  6. Flow OS Summary
  7. Flow Log
  8. Flow Messages
  9. Flow Suppressed Messages



----------------
; Legal Notice ;
----------------
Copyright (C) 1991-2015 Altera Corporation. All rights reserved.
Your use of Altera Corporation's design tools, logic functions 
and other software and tools, and its AMPP partner logic 
functions, and any output files from any of the foregoing 
(including device programming or simulation files), and any 
associated documentation or information are expressly subject 
to the terms and conditions of the Altera Program License 
Subscription Agreement, the Altera Quartus II License Agreement,
the Altera MegaCore Function License Agreement, or other 
applicable license agreement, including, without limitation, 
that your use is for the sole purpose of programming logic 
devices manufactured by Altera and sold by Altera or its 
authorized distributors.  Please refer to the applicable 
agreement for further details.



+---------------------------------------------------------------------------------+
; Flow Summary                                                                    ;
+------------------------------------+--------------------------------------------+
; Flow Status                        ; Successful - Sat Mar 12 16:51:15 2016      ;
; Quartus II 64-Bit Version          ; 15.0.0 Build 145 04/22/2015 SJ Web Edition ;
; Revision Name                      ; DE0_NANO                                   ;
; Top-level Entity Name              ; DE0_NANO                                   ;
; Family                             ; Cyclone IV E                               ;
; Device                             ; EP4CE22F17C6                               ;
; Timing Models                      ; Final                                      ;
; Total logic elements               ; 3,883 / 22,320 ( 17 % )                    ;
;     Total combinational functions  ; 3,084 / 22,320 ( 14 % )                    ;
;     Dedicated logic registers      ; 1,958 / 22,320 ( 9 % )                     ;
; Total registers                    ; 1958                                       ;
; Total pins                         ; 148 / 154 ( 96 % )                         ;
; Total virtual pins                 ; 0                                          ;
; Total memory bits                  ; 164,352 / 608,256 ( 27 % )                 ;
; Embedded Multiplier 9-bit elements ; 0 / 132 ( 0 % )                            ;
; Total PLLs                         ; 2 / 4 ( 50 % )                             ;
+------------------------------------+--------------------------------------------+


+-----------------------------------------+
; Flow Settings                           ;
+-------------------+---------------------+
; Option            ; Setting             ;
+-------------------+---------------------+
; Start date & time ; 03/12/2016 16:49:25 ;
; Main task         ; Compilation         ;
; Revision Name     ; DE0_NANO            ;
+-------------------+---------------------+


+---------------------------------------------------------------------------------------------------------------------------------------------------------------------------------------------------------------+
; Flow Non-Default Global Settings                                                                                                                                                                              ;
+-------------------------------------+------------------------------------------------------------------------------------------------------------------------+---------------+-------------+------------------+
; Assignment Name                     ; Value                                                                                                                  ; Default Value ; Entity Name ; Section Id       ;
+-------------------------------------+------------------------------------------------------------------------------------------------------------------------+---------------+-------------+------------------+
; COMPILER_SIGNATURE_ID               ; 37763746910.145779776510060                                                                                            ; --            ; --          ; --               ;
; ENABLE_SIGNALTAP                    ; On                                                                                                                     ; --            ; --          ; --               ;
; MAX_CORE_JUNCTION_TEMP              ; 85                                                                                                                     ; --            ; --          ; --               ;
; MIN_CORE_JUNCTION_TEMP              ; 0                                                                                                                      ; --            ; --          ; --               ;
; MISC_FILE                           ; MTL_SOPC/synthesis/../MTL_SOPC.cmp                                                                                     ; --            ; --          ; --               ;
; MISC_FILE                           ; MTL_SOPC/synthesis/../../MTL_SOPC.qsys                                                                                 ; --            ; --          ; --               ;
; MISC_FILE                           ; sdram_control/Sdram_WR_FIFO_inst.v                                                                                     ; --            ; --          ; --               ;
; MISC_FILE                           ; sdram_control/Sdram_WR_FIFO_bb.v                                                                                       ; --            ; --          ; --               ;
; MISC_FILE                           ; sdram_control/Sdram_RD_FIFO_inst.v                                                                                     ; --            ; --          ; --               ;
; MISC_FILE                           ; sdram_control/Sdram_RD_FIFO_bb.v                                                                                       ; --            ; --          ; --               ;
; MISC_FILE                           ; MTL_PLL_inst.v                                                                                                         ; --            ; --          ; --               ;
; MISC_FILE                           ; MTL_PLL_bb.v                                                                                                           ; --            ; --          ; --               ;
; MISC_FILE                           ; MTL_PLL.ppf                                                                                                            ; --            ; --          ; --               ;
; MISC_FILE                           ; RAM_PLL_inst.v                                                                                                         ; --            ; --          ; --               ;
; MISC_FILE                           ; RAM_PLL_bb.v                                                                                                           ; --            ; --          ; --               ;
; MISC_FILE                           ; RAM_PLL.ppf                                                                                                            ; --            ; --          ; --               ;
; MISC_FILE                           ; Loading_ROM_inst.v                                                                                                     ; --            ; --          ; --               ;
; MISC_FILE                           ; Loading_ROM_bb.v                                                                                                       ; --            ; --          ; --               ;
; MISC_FILE                           ; testROM_inst.v                                                                                                         ; --            ; --          ; --               ;
; MISC_FILE                           ; testROM_bb.v                                                                                                           ; --            ; --          ; --               ;
; MISC_FILE                           ; tile0ROM_inst.v                                                                                                        ; --            ; --          ; --               ;
; MISC_FILE                           ; tile0ROM_bb.v                                                                                                          ; --            ; --          ; --               ;
; MISC_FILE                           ; rampll_bb.v                                                                                                            ; --            ; --          ; --               ;
; MISC_FILE                           ; rampll.ppf                                                                                                             ; --            ; --          ; --               ;
; MISC_FILE                           ; tile2_inst.v                                                                                                           ; --            ; --          ; --               ;
; MISC_FILE                           ; tile2_bb.v                                                                                                             ; --            ; --          ; --               ;
; PARTITION_COLOR                     ; 16764057                                                                                                               ; --            ; --          ; Top              ;
; PARTITION_FITTER_PRESERVATION_LEVEL ; PLACEMENT_AND_ROUTING                                                                                                  ; --            ; --          ; Top              ;
; PARTITION_NETLIST_TYPE              ; SOURCE                                                                                                                 ; --            ; --          ; Top              ;
; POWER_BOARD_THERMAL_MODEL           ; None (CONSERVATIVE)                                                                                                    ; --            ; --          ; --               ;
; POWER_PRESET_COOLING_SOLUTION       ; 23 MM HEAT SINK WITH 200 LFPM AIRFLOW                                                                                  ; --            ; --          ; --               ;
; SLD_FILE                            ; MTL_SOPC/synthesis/MTL_SOPC.regmap                                                                                     ; --            ; --          ; --               ;
; SLD_FILE                            ; MTL_SOPC/synthesis/MTL_SOPC.debuginfo                                                                                  ; --            ; --          ; --               ;
; SLD_FILE                            ; db/stp_MTL_ports_auto_stripped.stp                                                                                     ; --            ; --          ; --               ;
; SLD_INFO                            ; QSYS_NAME MTL_SOPC HAS_SOPCINFO 1 GENERATION_ID 1457654579                                                             ; --            ; MTL_SOPC    ; --               ;
; SLD_NODE_CREATOR_ID                 ; 110                                                                                                                    ; --            ; --          ; auto_signaltap_0 ;
; SLD_NODE_ENTITY_NAME                ; sld_signaltap                                                                                                          ; --            ; --          ; auto_signaltap_0 ;
; SLD_NODE_PARAMETER_ASSIGNMENT       ; SLD_RAM_BLOCK_TYPE=AUTO                                                                                                ; --            ; --          ; auto_signaltap_0 ;
; SLD_NODE_PARAMETER_ASSIGNMENT       ; SLD_DATA_BITS=26                                                                                                       ; --            ; --          ; auto_signaltap_0 ;
; SLD_NODE_PARAMETER_ASSIGNMENT       ; SLD_TRIGGER_BITS=26                                                                                                    ; --            ; --          ; auto_signaltap_0 ;
; SLD_NODE_PARAMETER_ASSIGNMENT       ; SLD_STORAGE_QUALIFIER_BITS=26                                                                                          ; --            ; --          ; auto_signaltap_0 ;
; SLD_NODE_PARAMETER_ASSIGNMENT       ; SLD_NODE_INFO=805334528                                                                                                ; --            ; --          ; auto_signaltap_0 ;
; SLD_NODE_PARAMETER_ASSIGNMENT       ; SLD_POWER_UP_TRIGGER=0                                                                                                 ; --            ; --          ; auto_signaltap_0 ;
; SLD_NODE_PARAMETER_ASSIGNMENT       ; SLD_INVERSION_MASK=000000000000000000000000000000000000000000000000000000000000000000000000000000000000000000000000000 ; --            ; --          ; auto_signaltap_0 ;
; SLD_NODE_PARAMETER_ASSIGNMENT       ; SLD_INVERSION_MASK_LENGTH=99                                                                                           ; --            ; --          ; auto_signaltap_0 ;
; SLD_NODE_PARAMETER_ASSIGNMENT       ; SLD_STORAGE_QUALIFIER_INVERSION_MASK_LENGTH=0                                                                          ; --            ; --          ; auto_signaltap_0 ;
; SLD_NODE_PARAMETER_ASSIGNMENT       ; SLD_SEGMENT_SIZE=128                                                                                                   ; --            ; --          ; auto_signaltap_0 ;
; SLD_NODE_PARAMETER_ASSIGNMENT       ; SLD_ATTRIBUTE_MEM_MODE=OFF                                                                                             ; --            ; --          ; auto_signaltap_0 ;
; SLD_NODE_PARAMETER_ASSIGNMENT       ; SLD_STATE_FLOW_USE_GENERATED=0                                                                                         ; --            ; --          ; auto_signaltap_0 ;
; SLD_NODE_PARAMETER_ASSIGNMENT       ; SLD_STATE_BITS=11                                                                                                      ; --            ; --          ; auto_signaltap_0 ;
; SLD_NODE_PARAMETER_ASSIGNMENT       ; SLD_BUFFER_FULL_STOP=1                                                                                                 ; --            ; --          ; auto_signaltap_0 ;
; SLD_NODE_PARAMETER_ASSIGNMENT       ; SLD_CURRENT_RESOURCE_WIDTH=1                                                                                           ; --            ; --          ; auto_signaltap_0 ;
; SLD_NODE_PARAMETER_ASSIGNMENT       ; SLD_INCREMENTAL_ROUTING=1                                                                                              ; --            ; --          ; auto_signaltap_0 ;
; SLD_NODE_PARAMETER_ASSIGNMENT       ; SLD_TRIGGER_LEVEL=1                                                                                                    ; --            ; --          ; auto_signaltap_0 ;
; SLD_NODE_PARAMETER_ASSIGNMENT       ; SLD_SAMPLE_DEPTH=128                                                                                                   ; --            ; --          ; auto_signaltap_0 ;
; SLD_NODE_PARAMETER_ASSIGNMENT       ; SLD_TRIGGER_IN_ENABLED=0                                                                                               ; --            ; --          ; auto_signaltap_0 ;
; SLD_NODE_PARAMETER_ASSIGNMENT       ; SLD_ADVANCED_TRIGGER_ENTITY=basic,1,                                                                                   ; --            ; --          ; auto_signaltap_0 ;
; SLD_NODE_PARAMETER_ASSIGNMENT       ; SLD_TRIGGER_LEVEL_PIPELINE=1                                                                                           ; --            ; --          ; auto_signaltap_0 ;
; SLD_NODE_PARAMETER_ASSIGNMENT       ; SLD_ENABLE_ADVANCED_TRIGGER=0                                                                                          ; --            ; --          ; auto_signaltap_0 ;
; SOPCINFO_FILE                       ; MTL_SOPC/synthesis/../../MTL_SOPC.sopcinfo                                                                             ; --            ; --          ; --               ;
; SYNTHESIS_ONLY_QIP                  ; On                                                                                                                     ; --            ; --          ; --               ;
; USE_SIGNALTAP_FILE                  ; stp_MTL_ports.stp                                                                                                      ; --            ; --          ; --               ;
+-------------------------------------+------------------------------------------------------------------------------------------------------------------------+---------------+-------------+------------------+


+-------------------------------------------------------------------------------------------------------------------------------+
; Flow Elapsed Time                                                                                                             ;
+---------------------------+--------------+-------------------------+---------------------+------------------------------------+
; Module Name               ; Elapsed Time ; Average Processors Used ; Peak Virtual Memory ; Total CPU Time (on all processors) ;
+---------------------------+--------------+-------------------------+---------------------+------------------------------------+
; Analysis & Synthesis      ; 00:01:00     ; 1.0                     ; 829 MB              ; 00:01:28                           ;
; Fitter                    ; 00:00:35     ; 1.8                     ; 1473 MB             ; 00:00:45                           ;
; Assembler                 ; 00:00:03     ; 1.0                     ; 623 MB              ; 00:00:02                           ;
; TimeQuest Timing Analyzer ; 00:00:09     ; 1.4                     ; 781 MB              ; 00:00:09                           ;
; Total                     ; 00:01:47     ; --                      ; --                  ; 00:02:24                           ;
+---------------------------+--------------+-------------------------+---------------------+------------------------------------+


+----------------------------------------------------------------------------------------+
; Flow OS Summary                                                                        ;
+---------------------------+------------------+-----------+------------+----------------+
; Module Name               ; Machine Hostname ; OS Name   ; OS Version ; Processor type ;
+---------------------------+------------------+-----------+------------+----------------+
; Analysis & Synthesis      ; JARVIS           ; Windows 7 ; 6.1        ; x86_64         ;
; Fitter                    ; JARVIS           ; Windows 7 ; 6.1        ; x86_64         ;
; Assembler                 ; JARVIS           ; Windows 7 ; 6.1        ; x86_64         ;
; TimeQuest Timing Analyzer ; JARVIS           ; Windows 7 ; 6.1        ; x86_64         ;
+---------------------------+------------------+-----------+------------+----------------+


------------
; Flow Log ;
------------
quartus_map --read_settings_files=on --write_settings_files=off DE0_NANO -c DE0_NANO
quartus_fit --read_settings_files=off --write_settings_files=off DE0_NANO -c DE0_NANO
quartus_asm --read_settings_files=off --write_settings_files=off DE0_NANO -c DE0_NANO
quartus_sta DE0_NANO -c DE0_NANO



